<?xml version="1.0" encoding="UTF-8"?>
<!-- Generated by org.testng.reporters.JUnitReportReporter -->
<testsuite hostname="DESKTOP-AMDGSAR" failures="0" tests="1" name="testcases.TC_002Register" time="3.975" errors="0" timestamp="2023-02-07T01:58:50 EAT" skipped="0">
  <testcase classname="testcases.TC_002Register" name="TC_002_Register" time="3.975"/>
  <system-out/>
</testsuite> <!-- testcases.TC_002Register -->
