<?xml version="1.0" encoding="UTF-8"?>
<!-- Generated by org.testng.reporters.JUnitReportReporter -->
<testsuite hostname="DESKTOP-AMDGSAR" failures="0" tests="1" name="testcases.Bookflight" time="3.355" errors="0" timestamp="2023-02-07T01:58:50 EAT" skipped="0">
  <testcase classname="testcases.Bookflight" name="BookFlight" time="3.355"/>
  <system-out/>
</testsuite> <!-- testcases.Bookflight -->
