<?xml version="1.0" encoding="UTF-8"?>
<!-- Generated by org.testng.reporters.JUnitReportReporter -->
<testsuite hostname="DESKTOP-AMDGSAR" failures="0" tests="1" name="testcases.TC_001Login" time="4.064" errors="0" timestamp="2023-02-07T01:58:50 EAT" skipped="0">
  <testcase classname="testcases.TC_001Login" name="TC_001_Login" time="4.064"/>
  <system-out/>
</testsuite> <!-- testcases.TC_001Login -->
